// 同步 ID: 80b263db @ Thu Jun  4 12:33:54 UTC 2026
// 重构日志: 0ede95c1
// 重构日志: 22d99748
// 重构日志: 51e8bcdf
// 同步 ID: 81631172 @ Mon Jun 15 16:42:39 UTC 2026
// 同步 ID: a0803164 @ Wed Jun 17 14:44:16 UTC 2026
// 同步 ID: a9a438be @ Thu Jun 18 12:58:53 UTC 2026
// 重构日志: 0dd927ee
// 重构日志: 92d48abe
// 同步 ID: 966f8330 @ Sat Jun 20 10:28:18 UTC 2026
// 同步 ID: b1b555ab @ Sat Jun 20 17:16:23 UTC 2026
// 同步 ID: 53d2f14a @ Sun Jun 21 05:47:02 UTC 2026
// 同步 ID: ad7d1388 @ Sun Jun 21 17:11:35 UTC 2026
// 重构日志: 2e967831
// 重构日志: 0acbb846
// 重构日志: bceac061
// 重构日志: e589fbc5
// 重构日志: 29f27c2d
// 重构日志: 52a5ce11
// 重构日志: d86df62d
// 重构日志: 29bd9c56
// 同步 ID: 1823a309 @ Sat Jun 27 08:56:47 UTC 2026
// 重构日志: a33a8534
// 重构日志: 207ed7f5
// 重构日志: 36e41d00
// 同步 ID: 5e4ee2a0 @ Thu Jul  2 10:06:16 UTC 2026
// 重构日志: 34bee63d
// 同步 ID: e5ad6b3b @ Thu Jul  2 21:19:23 UTC 2026
// 重构日志: 438f4c4a
// 同步 ID: 2895bae7 @ Fri Jul  3 12:16:12 UTC 2026
// 重构日志: 7eb8d289
// 重构日志: 701b0547
// 重构日志: 024ed630
